2025/05/26 13:06:42 Введите желаемый исходный порт: 
2025/05/26 13:06:43 Введите желаемый IP формата 192.168.ххх.ххх: 
2025/05/26 13:06:43 Отправлен пакет:FF:FF:FF:FF:FF:FFAA:BB:CC:DD:EE:0104255.255.255.255000.000.000.000DIS
2025/05/26 13:06:43 получен DHCP пакет: AA:BB:CC:DD:EE:01DH:DH:DH:DH:DH:DH04192.168.000.001192.168.002.000OFF192.168.001.000
2025/05/26 13:06:43 Отправлен пакет:DH:DH:DH:DH:DH:DHAA:BB:CC:DD:EE:0104192.168.002.000192.168.000.001REQ
2025/05/26 13:06:43 Введите желаемое имя: 
2025/05/26 13:06:44 Отправлен пакет:FF:FF:FF:FF:FF:FFAA:BB:CC:DD:EE:0103192.168.001.000192.168.000.001REQ
2025/05/26 13:06:44 Добавляем MAC-адрес от 192.168.001.000 в ARP таблицу
2025/05/26 13:06:44 получен ARP пакет: AA:BB:CC:DD:EE:01DN:DN:DN:DN:DN:DN03192.168.000.001192.168.001.000RES
2025/05/26 13:06:44 Отправлен пакет:DN:DN:DN:DN:DN:DNAA:BB:CC:DD:EE:0106192.168.001.000192.168.000.001REG1
2025/05/26 13:06:44 получен DNS пакет: AA:BB:CC:DD:EE:01DN:DN:DN:DN:DN:DN06192.168.000.001192.168.001.000ACKИмя зарегистрировано
2025/05/26 13:06:44 Имя зарегистрировано
2025/05/26 13:06:44 Получен IP: 192.168.000.001
2025/05/26 13:06:44 Введите текст запроса: 
2025/05/26 13:07:03 Введите адрес или имя получателя: 
2025/05/26 13:07:20 Отправлен пакет:FF:FF:FF:FF:FF:FFAA:BB:CC:DD:EE:0103127.000.000.001192.168.000.001REQ
2025/05/26 13:07:20 Добавляем MAC-адрес от 127.000.000.001 в ARP таблицу
2025/05/26 13:07:20 получен ARP пакет: AA:BB:CC:DD:EE:01MM:MM:MM:MM:MM:MM03192.168.000.001127.000.000.001RES
2025/05/26 13:07:20 Отправлен пакет:MM:MM:MM:MM:MM:MMAA:BB:CC:DD:EE:0101127.000.000.001192.168.000.001HI!
2025/05/26 13:07:20 Введите текст запроса: 
2025/05/26 13:07:52 Введите адрес или имя получателя: 
2025/05/26 13:07:52 Отправлен пакет:MM:MM:MM:MM:MM:MMAA:BB:CC:DD:EE:0101198.167.000.003192.168.000.001Hi!
2025/05/26 13:07:52 Введите текст запроса: 
2025/05/26 13:07:52 Добавляем MAC-адрес от 198.167.000.003 в ARP таблицу
2025/05/26 13:07:52 получен PONG пакет: AA:BB:CC:DD:EE:01MM:MM:MM:MM:MM:MM02192.168.000.001198.167.000.003Hi!
2025/05/26 13:08:59 получен PING пакет: AA:BB:CC:DD:EE:01MM:MM:MM:MM:MM:MM01192.168.000.001198.167.000.003By!
2025/05/26 13:08:59 Отправлен пакет:MM:MM:MM:MM:MM:MMAA:BB:CC:DD:EE:0102198.167.000.003192.168.000.001By!
